[1024/134254.432:INFO:CONSOLE(21172)] "THREE.WebGLRenderer 92", source: file:///C:/Program%20Files/AnyLogic%208.9%20Personal%20Learning%20Edition/plugins/com.anylogic.graphics3d_8.9.6.202509050523/static/build/three.js (21172)
[1024/134255.254:INFO:CONSOLE(3660)] "THREE.ColladaLoader: File version 1.4.0", source: file:///C:/Program%20Files/AnyLogic%208.9%20Personal%20Learning%20Edition/plugins/com.anylogic.graphics3d_8.9.6.202509050523/static/libs/ColladaLoader.js (3660)
[1024/134255.276:INFO:CONSOLE(255)] "Loaded: file:D:/AnyLogic/SCHOOL_PARK/3d/car.dae", source: file:///C:/Program%20Files/AnyLogic%208.9%20Personal%20Learning%20Edition/plugins/com.anylogic.graphics3d_8.9.6.202509050523/static/init.js (255)
[1024/134255.276:INFO:CONSOLE(271)] "load end: file:D:/AnyLogic/SCHOOL_PARK/3d/car.dae", source: file:///C:/Program%20Files/AnyLogic%208.9%20Personal%20Learning%20Edition/plugins/com.anylogic.graphics3d_8.9.6.202509050523/static/init.js (271)
[1024/134255.449:INFO:CONSOLE(3660)] "THREE.ColladaLoader: File version 1.4.0", source: file:///C:/Program%20Files/AnyLogic%208.9%20Personal%20Learning%20Edition/plugins/com.anylogic.graphics3d_8.9.6.202509050523/static/libs/ColladaLoader.js (3660)
[1024/134255.487:INFO:CONSOLE(255)] "Loaded: file:D:/AnyLogic/SCHOOL_PARK/3d/bus_1.dae", source: file:///C:/Program%20Files/AnyLogic%208.9%20Personal%20Learning%20Edition/plugins/com.anylogic.graphics3d_8.9.6.202509050523/static/init.js (255)
[1024/134255.487:INFO:CONSOLE(271)] "load end: file:D:/AnyLogic/SCHOOL_PARK/3d/bus_1.dae", source: file:///C:/Program%20Files/AnyLogic%208.9%20Personal%20Learning%20Edition/plugins/com.anylogic.graphics3d_8.9.6.202509050523/static/init.js (271)
[1024/134452.810:ERROR:gpu_init.cc(523)] Passthrough is not supported, GL is disabled, ANGLE is 
[1024/174158.210:INFO:CONSOLE(21172)] "THREE.WebGLRenderer 92", source: file:///C:/Program%20Files/AnyLogic%208.9%20Personal%20Learning%20Edition/plugins/com.anylogic.graphics3d_8.9.6.202509050523/static/build/three.js (21172)
[1024/174159.015:INFO:CONSOLE(3660)] "THREE.ColladaLoader: File version 1.4.0", source: file:///C:/Program%20Files/AnyLogic%208.9%20Personal%20Learning%20Edition/plugins/com.anylogic.graphics3d_8.9.6.202509050523/static/libs/ColladaLoader.js (3660)
[1024/174159.029:INFO:CONSOLE(255)] "Loaded: file:D:/AnyLogic/SCHOOL_PARK — копия/3d/car.dae", source: file:///C:/Program%20Files/AnyLogic%208.9%20Personal%20Learning%20Edition/plugins/com.anylogic.graphics3d_8.9.6.202509050523/static/init.js (255)
[1024/174159.029:INFO:CONSOLE(271)] "load end: file:D:/AnyLogic/SCHOOL_PARK — копия/3d/car.dae", source: file:///C:/Program%20Files/AnyLogic%208.9%20Personal%20Learning%20Edition/plugins/com.anylogic.graphics3d_8.9.6.202509050523/static/init.js (271)
[1024/174159.142:INFO:CONSOLE(3660)] "THREE.ColladaLoader: File version 1.4.0", source: file:///C:/Program%20Files/AnyLogic%208.9%20Personal%20Learning%20Edition/plugins/com.anylogic.graphics3d_8.9.6.202509050523/static/libs/ColladaLoader.js (3660)
[1024/174159.152:INFO:CONSOLE(255)] "Loaded: file:D:/AnyLogic/SCHOOL_PARK — копия/3d/bus_1.dae", source: file:///C:/Program%20Files/AnyLogic%208.9%20Personal%20Learning%20Edition/plugins/com.anylogic.graphics3d_8.9.6.202509050523/static/init.js (255)
[1024/174159.152:INFO:CONSOLE(271)] "load end: file:D:/AnyLogic/SCHOOL_PARK — копия/3d/bus_1.dae", source: file:///C:/Program%20Files/AnyLogic%208.9%20Personal%20Learning%20Edition/plugins/com.anylogic.graphics3d_8.9.6.202509050523/static/init.js (271)
[1024/174356.835:ERROR:gpu_init.cc(523)] Passthrough is not supported, GL is disabled, ANGLE is 
[1025/093125.518:INFO:CONSOLE(21172)] "THREE.WebGLRenderer 92", source: file:///C:/Program%20Files/AnyLogic%208.9%20Personal%20Learning%20Edition/plugins/com.anylogic.graphics3d_8.9.6.202509050523/static/build/three.js (21172)
[1025/093126.107:INFO:CONSOLE(3660)] "THREE.ColladaLoader: File version 1.4.0", source: file:///C:/Program%20Files/AnyLogic%208.9%20Personal%20Learning%20Edition/plugins/com.anylogic.graphics3d_8.9.6.202509050523/static/libs/ColladaLoader.js (3660)
[1025/093126.136:INFO:CONSOLE(255)] "Loaded: file:D:/AnyLogic/SCHOOL_PARK/3d/car.dae", source: file:///C:/Program%20Files/AnyLogic%208.9%20Personal%20Learning%20Edition/plugins/com.anylogic.graphics3d_8.9.6.202509050523/static/init.js (255)
[1025/093126.136:INFO:CONSOLE(271)] "load end: file:D:/AnyLogic/SCHOOL_PARK/3d/car.dae", source: file:///C:/Program%20Files/AnyLogic%208.9%20Personal%20Learning%20Edition/plugins/com.anylogic.graphics3d_8.9.6.202509050523/static/init.js (271)
[1025/093126.320:INFO:CONSOLE(3660)] "THREE.ColladaLoader: File version 1.4.0", source: file:///C:/Program%20Files/AnyLogic%208.9%20Personal%20Learning%20Edition/plugins/com.anylogic.graphics3d_8.9.6.202509050523/static/libs/ColladaLoader.js (3660)
[1025/093126.346:INFO:CONSOLE(255)] "Loaded: file:D:/AnyLogic/SCHOOL_PARK/3d/bus_1.dae", source: file:///C:/Program%20Files/AnyLogic%208.9%20Personal%20Learning%20Edition/plugins/com.anylogic.graphics3d_8.9.6.202509050523/static/init.js (255)
[1025/093126.346:INFO:CONSOLE(271)] "load end: file:D:/AnyLogic/SCHOOL_PARK/3d/bus_1.dae", source: file:///C:/Program%20Files/AnyLogic%208.9%20Personal%20Learning%20Edition/plugins/com.anylogic.graphics3d_8.9.6.202509050523/static/init.js (271)
[1025/093323.619:ERROR:gpu_init.cc(523)] Passthrough is not supported, GL is disabled, ANGLE is 
[1025/095928.200:INFO:CONSOLE(21172)] "THREE.WebGLRenderer 92", source: file:///C:/Program%20Files/AnyLogic%208.9%20Personal%20Learning%20Edition/plugins/com.anylogic.graphics3d_8.9.6.202509050523/static/build/three.js (21172)
[1025/095928.986:INFO:CONSOLE(3660)] "THREE.ColladaLoader: File version 1.4.0", source: file:///C:/Program%20Files/AnyLogic%208.9%20Personal%20Learning%20Edition/plugins/com.anylogic.graphics3d_8.9.6.202509050523/static/libs/ColladaLoader.js (3660)
[1025/095929.015:INFO:CONSOLE(255)] "Loaded: file:D:/AnyLogic/SCHOOL_PARK/3d/car.dae", source: file:///C:/Program%20Files/AnyLogic%208.9%20Personal%20Learning%20Edition/plugins/com.anylogic.graphics3d_8.9.6.202509050523/static/init.js (255)
[1025/095929.015:INFO:CONSOLE(271)] "load end: file:D:/AnyLogic/SCHOOL_PARK/3d/car.dae", source: file:///C:/Program%20Files/AnyLogic%208.9%20Personal%20Learning%20Edition/plugins/com.anylogic.graphics3d_8.9.6.202509050523/static/init.js (271)
[1025/095929.198:INFO:CONSOLE(3660)] "THREE.ColladaLoader: File version 1.4.0", source: file:///C:/Program%20Files/AnyLogic%208.9%20Personal%20Learning%20Edition/plugins/com.anylogic.graphics3d_8.9.6.202509050523/static/libs/ColladaLoader.js (3660)
[1025/095929.225:INFO:CONSOLE(255)] "Loaded: file:D:/AnyLogic/SCHOOL_PARK/3d/bus_1.dae", source: file:///C:/Program%20Files/AnyLogic%208.9%20Personal%20Learning%20Edition/plugins/com.anylogic.graphics3d_8.9.6.202509050523/static/init.js (255)
[1025/095929.225:INFO:CONSOLE(271)] "load end: file:D:/AnyLogic/SCHOOL_PARK/3d/bus_1.dae", source: file:///C:/Program%20Files/AnyLogic%208.9%20Personal%20Learning%20Edition/plugins/com.anylogic.graphics3d_8.9.6.202509050523/static/init.js (271)
[1025/100126.541:ERROR:gpu_init.cc(523)] Passthrough is not supported, GL is disabled, ANGLE is 
[1025/160430.857:INFO:CONSOLE(21172)] "THREE.WebGLRenderer 92", source: file:///C:/Program%20Files/AnyLogic%208.9%20Personal%20Learning%20Edition/plugins/com.anylogic.graphics3d_8.9.6.202509050523/static/build/three.js (21172)
[1025/160431.589:INFO:CONSOLE(3660)] "THREE.ColladaLoader: File version 1.4.0", source: file:///C:/Program%20Files/AnyLogic%208.9%20Personal%20Learning%20Edition/plugins/com.anylogic.graphics3d_8.9.6.202509050523/static/libs/ColladaLoader.js (3660)
[1025/160431.603:INFO:CONSOLE(255)] "Loaded: file:D:/AnyLogic/SCHOOL_PARK — копия/3d/car.dae", source: file:///C:/Program%20Files/AnyLogic%208.9%20Personal%20Learning%20Edition/plugins/com.anylogic.graphics3d_8.9.6.202509050523/static/init.js (255)
[1025/160431.604:INFO:CONSOLE(271)] "load end: file:D:/AnyLogic/SCHOOL_PARK — копия/3d/car.dae", source: file:///C:/Program%20Files/AnyLogic%208.9%20Personal%20Learning%20Edition/plugins/com.anylogic.graphics3d_8.9.6.202509050523/static/init.js (271)
[1025/160431.695:INFO:CONSOLE(3660)] "THREE.ColladaLoader: File version 1.4.0", source: file:///C:/Program%20Files/AnyLogic%208.9%20Personal%20Learning%20Edition/plugins/com.anylogic.graphics3d_8.9.6.202509050523/static/libs/ColladaLoader.js (3660)
[1025/160431.710:INFO:CONSOLE(255)] "Loaded: file:D:/AnyLogic/SCHOOL_PARK — копия/3d/bus_1.dae", source: file:///C:/Program%20Files/AnyLogic%208.9%20Personal%20Learning%20Edition/plugins/com.anylogic.graphics3d_8.9.6.202509050523/static/init.js (255)
[1025/160431.710:INFO:CONSOLE(271)] "load end: file:D:/AnyLogic/SCHOOL_PARK — копия/3d/bus_1.dae", source: file:///C:/Program%20Files/AnyLogic%208.9%20Personal%20Learning%20Edition/plugins/com.anylogic.graphics3d_8.9.6.202509050523/static/init.js (271)
[1025/160629.711:ERROR:gpu_init.cc(523)] Passthrough is not supported, GL is disabled, ANGLE is 
[1025/162420.938:INFO:CONSOLE(21172)] "THREE.WebGLRenderer 92", source: file:///C:/Program%20Files/AnyLogic%208.9%20Personal%20Learning%20Edition/plugins/com.anylogic.graphics3d_8.9.6.202509050523/static/build/three.js (21172)
[1025/162421.840:INFO:CONSOLE(3660)] "THREE.ColladaLoader: File version 1.4.0", source: file:///C:/Program%20Files/AnyLogic%208.9%20Personal%20Learning%20Edition/plugins/com.anylogic.graphics3d_8.9.6.202509050523/static/libs/ColladaLoader.js (3660)
[1025/162421.856:INFO:CONSOLE(255)] "Loaded: file:D:/AnyLogic/SCHOOL_PARK/3d/car.dae", source: file:///C:/Program%20Files/AnyLogic%208.9%20Personal%20Learning%20Edition/plugins/com.anylogic.graphics3d_8.9.6.202509050523/static/init.js (255)
[1025/162421.857:INFO:CONSOLE(271)] "load end: file:D:/AnyLogic/SCHOOL_PARK/3d/car.dae", source: file:///C:/Program%20Files/AnyLogic%208.9%20Personal%20Learning%20Edition/plugins/com.anylogic.graphics3d_8.9.6.202509050523/static/init.js (271)
[1025/162620.087:ERROR:gpu_init.cc(523)] Passthrough is not supported, GL is disabled, ANGLE is 
[1025/165413.513:INFO:CONSOLE(21172)] "THREE.WebGLRenderer 92", source: file:///C:/Program%20Files/AnyLogic%208.9%20Personal%20Learning%20Edition/plugins/com.anylogic.graphics3d_8.9.6.202509050523/static/build/three.js (21172)
[1025/165414.400:INFO:CONSOLE(3660)] "THREE.ColladaLoader: File version 1.4.0", source: file:///C:/Program%20Files/AnyLogic%208.9%20Personal%20Learning%20Edition/plugins/com.anylogic.graphics3d_8.9.6.202509050523/static/libs/ColladaLoader.js (3660)
[1025/165414.409:INFO:CONSOLE(255)] "Loaded: file:D:/AnyLogic/Road Traffic Tutorial/3d/car.dae", source: file:///C:/Program%20Files/AnyLogic%208.9%20Personal%20Learning%20Edition/plugins/com.anylogic.graphics3d_8.9.6.202509050523/static/init.js (255)
[1025/165414.409:INFO:CONSOLE(271)] "load end: file:D:/AnyLogic/Road Traffic Tutorial/3d/car.dae", source: file:///C:/Program%20Files/AnyLogic%208.9%20Personal%20Learning%20Edition/plugins/com.anylogic.graphics3d_8.9.6.202509050523/static/init.js (271)
[1025/165612.795:ERROR:gpu_init.cc(523)] Passthrough is not supported, GL is disabled, ANGLE is 
[1025/173056.838:INFO:CONSOLE(21172)] "THREE.WebGLRenderer 92", source: file:///C:/Program%20Files/AnyLogic%208.9%20Personal%20Learning%20Edition/plugins/com.anylogic.graphics3d_8.9.6.202509050523/static/build/three.js (21172)
[1025/173057.725:INFO:CONSOLE(3660)] "THREE.ColladaLoader: File version 1.4.0", source: file:///C:/Program%20Files/AnyLogic%208.9%20Personal%20Learning%20Edition/plugins/com.anylogic.graphics3d_8.9.6.202509050523/static/libs/ColladaLoader.js (3660)
[1025/173057.735:INFO:CONSOLE(255)] "Loaded: file:D:/AnyLogic/Road Traffic Tutorial/3d/car.dae", source: file:///C:/Program%20Files/AnyLogic%208.9%20Personal%20Learning%20Edition/plugins/com.anylogic.graphics3d_8.9.6.202509050523/static/init.js (255)
[1025/173057.735:INFO:CONSOLE(271)] "load end: file:D:/AnyLogic/Road Traffic Tutorial/3d/car.dae", source: file:///C:/Program%20Files/AnyLogic%208.9%20Personal%20Learning%20Edition/plugins/com.anylogic.graphics3d_8.9.6.202509050523/static/init.js (271)
[1025/173057.827:INFO:CONSOLE(3660)] "THREE.ColladaLoader: File version 1.4.0", source: file:///C:/Program%20Files/AnyLogic%208.9%20Personal%20Learning%20Edition/plugins/com.anylogic.graphics3d_8.9.6.202509050523/static/libs/ColladaLoader.js (3660)
[1025/173057.840:INFO:CONSOLE(255)] "Loaded: file:D:/AnyLogic/Road Traffic Tutorial/3d/bus_1.dae", source: file:///C:/Program%20Files/AnyLogic%208.9%20Personal%20Learning%20Edition/plugins/com.anylogic.graphics3d_8.9.6.202509050523/static/init.js (255)
[1025/173057.840:INFO:CONSOLE(271)] "load end: file:D:/AnyLogic/Road Traffic Tutorial/3d/bus_1.dae", source: file:///C:/Program%20Files/AnyLogic%208.9%20Personal%20Learning%20Edition/plugins/com.anylogic.graphics3d_8.9.6.202509050523/static/init.js (271)
[1025/173104.420:INFO:CONSOLE(3660)] "THREE.ColladaLoader: File version 1.4.0", source: file:///C:/Program%20Files/AnyLogic%208.9%20Personal%20Learning%20Edition/plugins/com.anylogic.graphics3d_8.9.6.202509050523/static/libs/ColladaLoader.js (3660)
[1025/173104.423:INFO:CONSOLE(255)] "Loaded: file:D:/AnyLogic/PARK/3d/car.dae", source: file:///C:/Program%20Files/AnyLogic%208.9%20Personal%20Learning%20Edition/plugins/com.anylogic.graphics3d_8.9.6.202509050523/static/init.js (255)
[1025/173104.424:INFO:CONSOLE(271)] "load end: file:D:/AnyLogic/PARK/3d/car.dae", source: file:///C:/Program%20Files/AnyLogic%208.9%20Personal%20Learning%20Edition/plugins/com.anylogic.graphics3d_8.9.6.202509050523/static/init.js (271)
[1025/173104.464:INFO:CONSOLE(3660)] "THREE.ColladaLoader: File version 1.4.0", source: file:///C:/Program%20Files/AnyLogic%208.9%20Personal%20Learning%20Edition/plugins/com.anylogic.graphics3d_8.9.6.202509050523/static/libs/ColladaLoader.js (3660)
[1025/173104.473:INFO:CONSOLE(255)] "Loaded: file:D:/AnyLogic/PARK/3d/bus_1.dae", source: file:///C:/Program%20Files/AnyLogic%208.9%20Personal%20Learning%20Edition/plugins/com.anylogic.graphics3d_8.9.6.202509050523/static/init.js (255)
[1025/173104.473:INFO:CONSOLE(271)] "load end: file:D:/AnyLogic/PARK/3d/bus_1.dae", source: file:///C:/Program%20Files/AnyLogic%208.9%20Personal%20Learning%20Edition/plugins/com.anylogic.graphics3d_8.9.6.202509050523/static/init.js (271)
[1025/173255.814:ERROR:gpu_init.cc(523)] Passthrough is not supported, GL is disabled, ANGLE is 
[1026/123700.935:INFO:CONSOLE(21172)] "THREE.WebGLRenderer 92", source: file:///C:/Program%20Files/AnyLogic%208.9%20Personal%20Learning%20Edition/plugins/com.anylogic.graphics3d_8.9.6.202509050523/static/build/three.js (21172)
[1026/123701.814:INFO:CONSOLE(3660)] "THREE.ColladaLoader: File version 1.4.0", source: file:///C:/Program%20Files/AnyLogic%208.9%20Personal%20Learning%20Edition/plugins/com.anylogic.graphics3d_8.9.6.202509050523/static/libs/ColladaLoader.js (3660)
[1026/123701.825:INFO:CONSOLE(255)] "Loaded: file:D:/AnyLogic/SCHOOL/3d/car.dae", source: file:///C:/Program%20Files/AnyLogic%208.9%20Personal%20Learning%20Edition/plugins/com.anylogic.graphics3d_8.9.6.202509050523/static/init.js (255)
[1026/123701.825:INFO:CONSOLE(271)] "load end: file:D:/AnyLogic/SCHOOL/3d/car.dae", source: file:///C:/Program%20Files/AnyLogic%208.9%20Personal%20Learning%20Edition/plugins/com.anylogic.graphics3d_8.9.6.202509050523/static/init.js (271)
[1026/123900.110:ERROR:gpu_init.cc(523)] Passthrough is not supported, GL is disabled, ANGLE is 
[1026/124016.048:INFO:CONSOLE(3660)] "THREE.ColladaLoader: File version 1.4.0", source: file:///C:/Program%20Files/AnyLogic%208.9%20Personal%20Learning%20Edition/plugins/com.anylogic.graphics3d_8.9.6.202509050523/static/libs/ColladaLoader.js (3660)
[1026/124016.064:INFO:CONSOLE(255)] "Loaded: file:D:/AnyLogic/SCHOOL/3d/bus_3.dae", source: file:///C:/Program%20Files/AnyLogic%208.9%20Personal%20Learning%20Edition/plugins/com.anylogic.graphics3d_8.9.6.202509050523/static/init.js (255)
[1026/124016.064:INFO:CONSOLE(271)] "load end: file:D:/AnyLogic/SCHOOL/3d/bus_3.dae", source: file:///C:/Program%20Files/AnyLogic%208.9%20Personal%20Learning%20Edition/plugins/com.anylogic.graphics3d_8.9.6.202509050523/static/init.js (271)
[1026/124137.180:INFO:CONSOLE(3660)] "THREE.ColladaLoader: File version 1.4.0", source: file:///C:/Program%20Files/AnyLogic%208.9%20Personal%20Learning%20Edition/plugins/com.anylogic.graphics3d_8.9.6.202509050523/static/libs/ColladaLoader.js (3660)
[1026/124137.192:INFO:CONSOLE(255)] "Loaded: file:D:/AnyLogic/SCHOOL/3d/bus_1.dae", source: file:///C:/Program%20Files/AnyLogic%208.9%20Personal%20Learning%20Edition/plugins/com.anylogic.graphics3d_8.9.6.202509050523/static/init.js (255)
[1026/124137.193:INFO:CONSOLE(271)] "load end: file:D:/AnyLogic/SCHOOL/3d/bus_1.dae", source: file:///C:/Program%20Files/AnyLogic%208.9%20Personal%20Learning%20Edition/plugins/com.anylogic.graphics3d_8.9.6.202509050523/static/init.js (271)
[1026/124137.239:INFO:CONSOLE(3660)] "THREE.ColladaLoader: File version 1.4.0", source: file:///C:/Program%20Files/AnyLogic%208.9%20Personal%20Learning%20Edition/plugins/com.anylogic.graphics3d_8.9.6.202509050523/static/libs/ColladaLoader.js (3660)
[1026/124137.249:INFO:CONSOLE(255)] "Loaded: file:D:/AnyLogic/SCHOOL/3d/bus_2.dae", source: file:///C:/Program%20Files/AnyLogic%208.9%20Personal%20Learning%20Edition/plugins/com.anylogic.graphics3d_8.9.6.202509050523/static/init.js (255)
[1026/124137.249:INFO:CONSOLE(271)] "load end: file:D:/AnyLogic/SCHOOL/3d/bus_2.dae", source: file:///C:/Program%20Files/AnyLogic%208.9%20Personal%20Learning%20Edition/plugins/com.anylogic.graphics3d_8.9.6.202509050523/static/init.js (271)
[1103/104205.689:INFO:CONSOLE(21172)] "THREE.WebGLRenderer 92", source: file:///C:/Program%20Files/AnyLogic%208.9%20Personal%20Learning%20Edition/plugins/com.anylogic.graphics3d_8.9.6.202509050523/static/build/three.js (21172)
[1103/104206.354:INFO:CONSOLE(3660)] "THREE.ColladaLoader: File version 1.4.0", source: file:///C:/Program%20Files/AnyLogic%208.9%20Personal%20Learning%20Edition/plugins/com.anylogic.graphics3d_8.9.6.202509050523/static/libs/ColladaLoader.js (3660)
[1103/104206.389:INFO:CONSOLE(255)] "Loaded: file:D:/RTU-MIREA/4 курс/Программные средства имитационного моделирования систем/SCHOOL/3d/car.dae", source: file:///C:/Program%20Files/AnyLogic%208.9%20Personal%20Learning%20Edition/plugins/com.anylogic.graphics3d_8.9.6.202509050523/static/init.js (255)
[1103/104206.390:INFO:CONSOLE(271)] "load end: file:D:/RTU-MIREA/4 курс/Программные средства имитационного моделирования систем/SCHOOL/3d/car.dae", source: file:///C:/Program%20Files/AnyLogic%208.9%20Personal%20Learning%20Edition/plugins/com.anylogic.graphics3d_8.9.6.202509050523/static/init.js (271)
[1103/104206.594:INFO:CONSOLE(3660)] "THREE.ColladaLoader: File version 1.4.0", source: file:///C:/Program%20Files/AnyLogic%208.9%20Personal%20Learning%20Edition/plugins/com.anylogic.graphics3d_8.9.6.202509050523/static/libs/ColladaLoader.js (3660)
[1103/104206.621:INFO:CONSOLE(255)] "Loaded: file:D:/RTU-MIREA/4 курс/Программные средства имитационного моделирования систем/SCHOOL/3d/bus_1.dae", source: file:///C:/Program%20Files/AnyLogic%208.9%20Personal%20Learning%20Edition/plugins/com.anylogic.graphics3d_8.9.6.202509050523/static/init.js (255)
[1103/104206.621:INFO:CONSOLE(271)] "load end: file:D:/RTU-MIREA/4 курс/Программные средства имитационного моделирования систем/SCHOOL/3d/bus_1.dae", source: file:///C:/Program%20Files/AnyLogic%208.9%20Personal%20Learning%20Edition/plugins/com.anylogic.graphics3d_8.9.6.202509050523/static/init.js (271)
[1103/104206.691:INFO:CONSOLE(3660)] "THREE.ColladaLoader: File version 1.4.0", source: file:///C:/Program%20Files/AnyLogic%208.9%20Personal%20Learning%20Edition/plugins/com.anylogic.graphics3d_8.9.6.202509050523/static/libs/ColladaLoader.js (3660)
[1103/104206.706:INFO:CONSOLE(255)] "Loaded: file:D:/RTU-MIREA/4 курс/Программные средства имитационного моделирования систем/SCHOOL/3d/bus_2.dae", source: file:///C:/Program%20Files/AnyLogic%208.9%20Personal%20Learning%20Edition/plugins/com.anylogic.graphics3d_8.9.6.202509050523/static/init.js (255)
[1103/104206.706:INFO:CONSOLE(271)] "load end: file:D:/RTU-MIREA/4 курс/Программные средства имитационного моделирования систем/SCHOOL/3d/bus_2.dae", source: file:///C:/Program%20Files/AnyLogic%208.9%20Personal%20Learning%20Edition/plugins/com.anylogic.graphics3d_8.9.6.202509050523/static/init.js (271)
[1103/104403.743:ERROR:gpu_init.cc(523)] Passthrough is not supported, GL is disabled, ANGLE is 
